<?xml version="1.0" encoding="UTF-8"?>
<!-- Generated by org.testng.reporters.JUnitReportReporter -->
<testsuite hostname="DESKTOP-BDB3LRA" name="ecomm_saipratap.PlaceOrderTest" tests="1" failures="0" timestamp="3 Jul 2019 01:34:01 GMT" time="5.153" errors="0">
  <testcase name="placeOrderWithSuccessData" time="5.153" classname="ecomm_saipratap.PlaceOrderTest"/>
</testsuite> <!-- ecomm_saipratap.PlaceOrderTest -->
