<?xml version="1.0" encoding="UTF-8"?>
<!-- Generated by org.testng.reporters.JUnitReportReporter -->
<testsuite hostname="DESKTOP-BDB3LRA" name="com.apex.samples.ECommLoginTest" tests="9" failures="0" timestamp="3 Jul 2019 01:34:01 GMT" time="33.065" errors="0">
  <testcase name="testWithSuccessLogin" time="3.747" classname="com.apex.samples.ECommLoginTest"/>
  <testcase name="testWithSuccessLogin" time="3.426" classname="com.apex.samples.ECommLoginTest"/>
  <testcase name="testWithInvalidLogin" time="3.021" classname="com.apex.samples.ECommLoginTest"/>
  <testcase name="testWithSuccessLogin" time="6.546" classname="com.apex.samples.ECommLoginTest"/>
  <testcase name="testWithBlankLogin" time="2.962" classname="com.apex.samples.ECommLoginTest"/>
  <testcase name="testWithBlankPassword" time="3.122" classname="com.apex.samples.ECommLoginTest"/>
  <testcase name="testWithSuccessLogin" time="3.618" classname="com.apex.samples.ECommLoginTest"/>
  <testcase name="testWithSuccessLogin" time="3.458" classname="com.apex.samples.ECommLoginTest"/>
  <testcase name="testWithBothBlank" time="3.165" classname="com.apex.samples.ECommLoginTest"/>
</testsuite> <!-- com.apex.samples.ECommLoginTest -->
