<?xml version="1.0" encoding="UTF-8"?>
<!-- Generated by org.testng.reporters.JUnitReportReporter -->
<testsuite hostname="DESKTOP-BDB3LRA" name="ecomm_saipratap.LoginTest" tests="5" failures="0" timestamp="3 Jul 2019 01:34:01 GMT" time="27.717" errors="0">
  <testcase name="testWithBlankLogin" time="5.393" classname="ecomm_saipratap.LoginTest"/>
  <testcase name="testWithInvalidLogin" time="5.630" classname="ecomm_saipratap.LoginTest"/>
  <testcase name="testWithBlankPassword" time="5.719" classname="ecomm_saipratap.LoginTest"/>
  <testcase name="testWithSuccessLogin" time="5.590" classname="ecomm_saipratap.LoginTest"/>
  <testcase name="testWithBothBlank" time="5.385" classname="ecomm_saipratap.LoginTest"/>
</testsuite> <!-- ecomm_saipratap.LoginTest -->
